0 info it worked if it ends with ok
1 verbose cli [ '/usr/local/bin/node', '/usr/local/bin/npm', 'run', 'server' ]
2 info using npm@3.10.10
3 info using node@v6.10.3
4 verbose run-script [ 'preserver', 'server', 'postserver' ]
5 info lifecycle iCar@~preserver: iCar@
6 silly lifecycle iCar@~preserver: no script for preserver, continuing
7 info lifecycle iCar@~server: iCar@
8 verbose lifecycle iCar@~server: unsafe-perm in lifecycle true
9 verbose lifecycle iCar@~server: PATH: /usr/local/lib/node_modules/npm/bin/node-gyp-bin:/Users/claudiaferreira/GitHub/Projeto_lab_int_II/iCar/node_modules/.bin:/Library/Frameworks/Python.framework/Versions/2.7/bin:/usr/local/bin:/usr/bin:/bin:/usr/sbin:/sbin:/usr/local/share/dotnet:/Library/Frameworks/Mono.framework/Versions/Current/Commands:/Volumes/Dados/anaconda/bin:/Library/Frameworks/Python.framework/Versions/3.6/bin
10 verbose lifecycle iCar@~server: CWD: /Users/claudiaferreira/GitHub/Projeto_lab_int_II/iCar
11 silly lifecycle iCar@~server: Args: [ '-c',
11 silly lifecycle   'next build && export NODE_ENV=production && node server.js' ]
12 silly lifecycle iCar@~server: Returned: code: 139  signal: null
13 info lifecycle iCar@~server: Failed to exec server script
14 verbose stack Error: iCar@ server: `next build && export NODE_ENV=production && node server.js`
14 verbose stack Exit status 139
14 verbose stack     at EventEmitter.<anonymous> (/usr/local/lib/node_modules/npm/lib/utils/lifecycle.js:255:16)
14 verbose stack     at emitTwo (events.js:106:13)
14 verbose stack     at EventEmitter.emit (events.js:191:7)
14 verbose stack     at ChildProcess.<anonymous> (/usr/local/lib/node_modules/npm/lib/utils/spawn.js:40:14)
14 verbose stack     at emitTwo (events.js:106:13)
14 verbose stack     at ChildProcess.emit (events.js:191:7)
14 verbose stack     at maybeClose (internal/child_process.js:886:16)
14 verbose stack     at Process.ChildProcess._handle.onexit (internal/child_process.js:226:5)
15 verbose pkgid iCar@
16 verbose cwd /Users/claudiaferreira/GitHub/Projeto_lab_int_II/iCar
17 error Darwin 15.6.0
18 error argv "/usr/local/bin/node" "/usr/local/bin/npm" "run" "server"
19 error node v6.10.3
20 error npm  v3.10.10
21 error code ELIFECYCLE
22 error iCar@ server: `next build && export NODE_ENV=production && node server.js`
22 error Exit status 139
23 error Failed at the iCar@ server script 'next build && export NODE_ENV=production && node server.js'.
23 error Make sure you have the latest version of node.js and npm installed.
23 error If you do, this is most likely a problem with the iCar package,
23 error not with npm itself.
23 error Tell the author that this fails on your system:
23 error     next build && export NODE_ENV=production && node server.js
23 error You can get information on how to open an issue for this project with:
23 error     npm bugs iCar
23 error Or if that isn't available, you can get their info via:
23 error     npm owner ls iCar
23 error There is likely additional logging output above.
24 verbose exit [ 1, true ]
